11/20/2021 11:21:26 AM
Mailbox unavailable. The server response was: Access denied - Invalid HELO name (See RFC2821 4.1.1.1)
   at System.Net.Mail.MailCommand.CheckResponse(SmtpStatusCode statusCode, String response)
   at System.Net.Mail.MailCommand.Send(SmtpConnection conn, Byte[] command, MailAddress from, Boolean allowUnicode)
   at System.Net.Mail.SmtpTransport.SendMail(MailAddress sender, MailAddressCollection recipients, String deliveryNotify, Boolean allowUnicode, SmtpFailedRecipientException& exception)
   at System.Net.Mail.SmtpClient.Send(MailMessage message)
   at NovaNet.Utils.exLog.emailLogger.Log(Exception ex) in D:\Sandhi Software New\sandhi\THC\CHC Backup Code - Copy\CHC\NovaNet\Utils\emailLogger.cs:line 83
System
--------End--------
11/20/2021 11:36:02 AM
Mailbox unavailable. The server response was: Access denied - Invalid HELO name (See RFC2821 4.1.1.1)
   at System.Net.Mail.MailCommand.CheckResponse(SmtpStatusCode statusCode, String response)
   at System.Net.Mail.MailCommand.Send(SmtpConnection conn, Byte[] command, MailAddress from, Boolean allowUnicode)
   at System.Net.Mail.SmtpTransport.SendMail(MailAddress sender, MailAddressCollection recipients, String deliveryNotify, Boolean allowUnicode, SmtpFailedRecipientException& exception)
   at System.Net.Mail.SmtpClient.Send(MailMessage message)
   at NovaNet.Utils.exLog.emailLogger.Log(Exception ex) in D:\Sandhi Software New\sandhi\THC\CHC Backup Code - Copy\CHC\NovaNet\Utils\emailLogger.cs:line 83
System
--------End--------
11/27/2021 1:38:12 PM
Mailbox unavailable. The server response was: Access denied - Invalid HELO name (See RFC2821 4.1.1.1)
   at System.Net.Mail.MailCommand.CheckResponse(SmtpStatusCode statusCode, String response)
   at System.Net.Mail.MailCommand.Send(SmtpConnection conn, Byte[] command, MailAddress from, Boolean allowUnicode)
   at System.Net.Mail.SmtpTransport.SendMail(MailAddress sender, MailAddressCollection recipients, String deliveryNotify, Boolean allowUnicode, SmtpFailedRecipientException& exception)
   at System.Net.Mail.SmtpClient.Send(MailMessage message)
   at NovaNet.Utils.exLog.emailLogger.Log(Exception ex) in D:\Sandhi Software New\sandhi\THC\CHC Backup Code - Copy\CHC\NovaNet\Utils\emailLogger.cs:line 83
System
--------End--------
11/27/2021 1:40:49 PM
Mailbox unavailable. The server response was: Access denied - Invalid HELO name (See RFC2821 4.1.1.1)
   at System.Net.Mail.MailCommand.CheckResponse(SmtpStatusCode statusCode, String response)
   at System.Net.Mail.MailCommand.Send(SmtpConnection conn, Byte[] command, MailAddress from, Boolean allowUnicode)
   at System.Net.Mail.SmtpTransport.SendMail(MailAddress sender, MailAddressCollection recipients, String deliveryNotify, Boolean allowUnicode, SmtpFailedRecipientException& exception)
   at System.Net.Mail.SmtpClient.Send(MailMessage message)
   at NovaNet.Utils.exLog.emailLogger.Log(Exception ex) in D:\Sandhi Software New\sandhi\THC\CHC Backup Code - Copy\CHC\NovaNet\Utils\emailLogger.cs:line 83
System
--------End--------
11/27/2021 1:41:43 PM
Mailbox unavailable. The server response was: Access denied - Invalid HELO name (See RFC2821 4.1.1.1)
   at System.Net.Mail.MailCommand.CheckResponse(SmtpStatusCode statusCode, String response)
   at System.Net.Mail.MailCommand.Send(SmtpConnection conn, Byte[] command, MailAddress from, Boolean allowUnicode)
   at System.Net.Mail.SmtpTransport.SendMail(MailAddress sender, MailAddressCollection recipients, String deliveryNotify, Boolean allowUnicode, SmtpFailedRecipientException& exception)
   at System.Net.Mail.SmtpClient.Send(MailMessage message)
   at NovaNet.Utils.exLog.emailLogger.Log(Exception ex) in D:\Sandhi Software New\sandhi\THC\CHC Backup Code - Copy\CHC\NovaNet\Utils\emailLogger.cs:line 83
System
--------End--------
11/27/2021 1:45:00 PM
Mailbox unavailable. The server response was: Access denied - Invalid HELO name (See RFC2821 4.1.1.1)
   at System.Net.Mail.MailCommand.CheckResponse(SmtpStatusCode statusCode, String response)
   at System.Net.Mail.MailCommand.Send(SmtpConnection conn, Byte[] command, MailAddress from, Boolean allowUnicode)
   at System.Net.Mail.SmtpTransport.SendMail(MailAddress sender, MailAddressCollection recipients, String deliveryNotify, Boolean allowUnicode, SmtpFailedRecipientException& exception)
   at System.Net.Mail.SmtpClient.Send(MailMessage message)
   at NovaNet.Utils.exLog.emailLogger.Log(Exception ex) in D:\Sandhi Software New\sandhi\THC\CHC Backup Code - Copy\CHC\NovaNet\Utils\emailLogger.cs:line 83
System
--------End--------
11/27/2021 1:45:20 PM
Mailbox unavailable. The server response was: Access denied - Invalid HELO name (See RFC2821 4.1.1.1)
   at System.Net.Mail.MailCommand.CheckResponse(SmtpStatusCode statusCode, String response)
   at System.Net.Mail.MailCommand.Send(SmtpConnection conn, Byte[] command, MailAddress from, Boolean allowUnicode)
   at System.Net.Mail.SmtpTransport.SendMail(MailAddress sender, MailAddressCollection recipients, String deliveryNotify, Boolean allowUnicode, SmtpFailedRecipientException& exception)
   at System.Net.Mail.SmtpClient.Send(MailMessage message)
   at NovaNet.Utils.exLog.emailLogger.Log(Exception ex) in D:\Sandhi Software New\sandhi\THC\CHC Backup Code - Copy\CHC\NovaNet\Utils\emailLogger.cs:line 83
System
--------End--------
11/27/2021 1:47:25 PM
Mailbox unavailable. The server response was: Access denied - Invalid HELO name (See RFC2821 4.1.1.1)
   at System.Net.Mail.MailCommand.CheckResponse(SmtpStatusCode statusCode, String response)
   at System.Net.Mail.MailCommand.Send(SmtpConnection conn, Byte[] command, MailAddress from, Boolean allowUnicode)
   at System.Net.Mail.SmtpTransport.SendMail(MailAddress sender, MailAddressCollection recipients, String deliveryNotify, Boolean allowUnicode, SmtpFailedRecipientException& exception)
   at System.Net.Mail.SmtpClient.Send(MailMessage message)
   at NovaNet.Utils.exLog.emailLogger.Log(Exception ex) in D:\Sandhi Software New\sandhi\THC\CHC Backup Code - Copy\CHC\NovaNet\Utils\emailLogger.cs:line 83
System
--------End--------
11/27/2021 4:28:29 PM
Mailbox unavailable. The server response was: Access denied - Invalid HELO name (See RFC2821 4.1.1.1)
   at System.Net.Mail.MailCommand.CheckResponse(SmtpStatusCode statusCode, String response)
   at System.Net.Mail.MailCommand.Send(SmtpConnection conn, Byte[] command, MailAddress from, Boolean allowUnicode)
   at System.Net.Mail.SmtpTransport.SendMail(MailAddress sender, MailAddressCollection recipients, String deliveryNotify, Boolean allowUnicode, SmtpFailedRecipientException& exception)
   at System.Net.Mail.SmtpClient.Send(MailMessage message)
   at NovaNet.Utils.exLog.emailLogger.Log(Exception ex) in D:\Sandhi Software New\sandhi\THC\CHC Backup Code - Copy\CHC\NovaNet\Utils\emailLogger.cs:line 83
System
--------End--------
11/27/2021 4:28:42 PM
Mailbox unavailable. The server response was: Access denied - Invalid HELO name (See RFC2821 4.1.1.1)
   at System.Net.Mail.MailCommand.CheckResponse(SmtpStatusCode statusCode, String response)
   at System.Net.Mail.MailCommand.Send(SmtpConnection conn, Byte[] command, MailAddress from, Boolean allowUnicode)
   at System.Net.Mail.SmtpTransport.SendMail(MailAddress sender, MailAddressCollection recipients, String deliveryNotify, Boolean allowUnicode, SmtpFailedRecipientException& exception)
   at System.Net.Mail.SmtpClient.Send(MailMessage message)
   at NovaNet.Utils.exLog.emailLogger.Log(Exception ex) in D:\Sandhi Software New\sandhi\THC\CHC Backup Code - Copy\CHC\NovaNet\Utils\emailLogger.cs:line 83
System
--------End--------
11/27/2021 4:28:51 PM
Mailbox unavailable. The server response was: Access denied - Invalid HELO name (See RFC2821 4.1.1.1)
   at System.Net.Mail.MailCommand.CheckResponse(SmtpStatusCode statusCode, String response)
   at System.Net.Mail.MailCommand.Send(SmtpConnection conn, Byte[] command, MailAddress from, Boolean allowUnicode)
   at System.Net.Mail.SmtpTransport.SendMail(MailAddress sender, MailAddressCollection recipients, String deliveryNotify, Boolean allowUnicode, SmtpFailedRecipientException& exception)
   at System.Net.Mail.SmtpClient.Send(MailMessage message)
   at NovaNet.Utils.exLog.emailLogger.Log(Exception ex) in D:\Sandhi Software New\sandhi\THC\CHC Backup Code - Copy\CHC\NovaNet\Utils\emailLogger.cs:line 83
System
--------End--------
11/27/2021 6:09:14 PM
Mailbox unavailable. The server response was: Access denied - Invalid HELO name (See RFC2821 4.1.1.1)
   at System.Net.Mail.MailCommand.CheckResponse(SmtpStatusCode statusCode, String response)
   at System.Net.Mail.MailCommand.Send(SmtpConnection conn, Byte[] command, MailAddress from, Boolean allowUnicode)
   at System.Net.Mail.SmtpTransport.SendMail(MailAddress sender, MailAddressCollection recipients, String deliveryNotify, Boolean allowUnicode, SmtpFailedRecipientException& exception)
   at System.Net.Mail.SmtpClient.Send(MailMessage message)
   at NovaNet.Utils.exLog.emailLogger.Log(Exception ex) in D:\Sandhi Software New\sandhi\THC\CHC Backup Code - Copy\CHC\NovaNet\Utils\emailLogger.cs:line 83
System
--------End--------
12/4/2021 3:41:26 PM
Mailbox unavailable. The server response was: Access denied - Invalid HELO name (See RFC2821 4.1.1.1)
   at System.Net.Mail.MailCommand.CheckResponse(SmtpStatusCode statusCode, String response)
   at System.Net.Mail.MailCommand.Send(SmtpConnection conn, Byte[] command, MailAddress from, Boolean allowUnicode)
   at System.Net.Mail.SmtpTransport.SendMail(MailAddress sender, MailAddressCollection recipients, String deliveryNotify, Boolean allowUnicode, SmtpFailedRecipientException& exception)
   at System.Net.Mail.SmtpClient.Send(MailMessage message)
   at NovaNet.Utils.exLog.emailLogger.Log(Exception ex) in D:\Sandhi Software New\sandhi\THC\CHC Backup Code - Copy\CHC\NovaNet\Utils\emailLogger.cs:line 83
System
--------End--------
12/4/2021 3:41:49 PM
Mailbox unavailable. The server response was: Access denied - Invalid HELO name (See RFC2821 4.1.1.1)
   at System.Net.Mail.MailCommand.CheckResponse(SmtpStatusCode statusCode, String response)
   at System.Net.Mail.MailCommand.Send(SmtpConnection conn, Byte[] command, MailAddress from, Boolean allowUnicode)
   at System.Net.Mail.SmtpTransport.SendMail(MailAddress sender, MailAddressCollection recipients, String deliveryNotify, Boolean allowUnicode, SmtpFailedRecipientException& exception)
   at System.Net.Mail.SmtpClient.Send(MailMessage message)
   at NovaNet.Utils.exLog.emailLogger.Log(Exception ex) in D:\Sandhi Software New\sandhi\THC\CHC Backup Code - Copy\CHC\NovaNet\Utils\emailLogger.cs:line 83
System
--------End--------
5/28/2022 12:26:43 PM
Failure sending mail.
   at System.Net.Mail.SmtpClient.Send(MailMessage message)
   at NovaNet.Utils.exLog.emailLogger.Log(Exception ex) in D:\Sandhi Software\THC Updated\NovaNet\Utils\emailLogger.cs:line 83
System
--------End--------
5/28/2022 12:27:20 PM
Failure sending mail.
   at System.Net.Mail.SmtpClient.Send(MailMessage message)
   at NovaNet.Utils.exLog.emailLogger.Log(Exception ex) in D:\Sandhi Software\THC Updated\NovaNet\Utils\emailLogger.cs:line 83
System
--------End--------
5/28/2022 12:28:06 PM
Failure sending mail.
   at System.Net.Mail.SmtpClient.Send(MailMessage message)
   at NovaNet.Utils.exLog.emailLogger.Log(Exception ex) in D:\Sandhi Software\THC Updated\NovaNet\Utils\emailLogger.cs:line 83
System
--------End--------
5/28/2022 12:28:36 PM
Failure sending mail.
   at System.Net.Mail.SmtpClient.Send(MailMessage message)
   at NovaNet.Utils.exLog.emailLogger.Log(Exception ex) in D:\Sandhi Software\THC Updated\NovaNet\Utils\emailLogger.cs:line 83
System
--------End--------
8/27/2022 5:15:41 PM
Failure sending mail.
   at System.Net.Mail.SmtpClient.Send(MailMessage message)
   at NovaNet.Utils.exLog.emailLogger.Log(Exception ex) in D:\Sandhi Software\THC Updated\NovaNet\Utils\emailLogger.cs:line 83
System
--------End--------
